2019-04-28 13:37:42,919 - default - ERROR - Exception occurred
Traceback (most recent call last):
  File "Trading/Dataset/Dataset.py", line 754, in saveDF2csv
    self.ccy_pair, self.timeframe, timestamp_filter=False)
  File "Trading/Dataset/Dataset.py", line 977, in loadCsv2DF
    df = pd.read_csv(full_filename)
  File "/usr/local/lib/python2.7/dist-packages/pandas/io/parsers.py", line 562, in parser_f
    return _read(filepath_or_buffer, kwds)
  File "/usr/local/lib/python2.7/dist-packages/pandas/io/parsers.py", line 315, in _read
    parser = TextFileReader(filepath_or_buffer, **kwds)
  File "/usr/local/lib/python2.7/dist-packages/pandas/io/parsers.py", line 645, in __init__
    self._make_engine(self.engine)
  File "/usr/local/lib/python2.7/dist-packages/pandas/io/parsers.py", line 799, in _make_engine
    self._engine = CParserWrapper(self.f, **self.options)
  File "/usr/local/lib/python2.7/dist-packages/pandas/io/parsers.py", line 1213, in __init__
    self._reader = _parser.TextReader(src, **kwds)
  File "pandas/parser.pyx", line 358, in pandas.parser.TextReader.__cinit__ (pandas/parser.c:3427)
  File "pandas/parser.pyx", line 628, in pandas.parser.TextReader._setup_parser_source (pandas/parser.c:6861)
IOError: File ./datasets/Oanda/Fx/Featured/Oanda_USD_ZAR_D.csv does not exist
2019-04-28 13:41:48,689 - default - ERROR - Exception occurred
Traceback (most recent call last):
  File "Trading/Dataset/Dataset.py", line 754, in saveDF2csv
    self.ccy_pair, self.timeframe, timestamp_filter=False)
  File "Trading/Dataset/Dataset.py", line 977, in loadCsv2DF
    df = pd.read_csv(full_filename)
  File "/usr/local/lib/python2.7/dist-packages/pandas/io/parsers.py", line 562, in parser_f
    return _read(filepath_or_buffer, kwds)
  File "/usr/local/lib/python2.7/dist-packages/pandas/io/parsers.py", line 315, in _read
    parser = TextFileReader(filepath_or_buffer, **kwds)
  File "/usr/local/lib/python2.7/dist-packages/pandas/io/parsers.py", line 645, in __init__
    self._make_engine(self.engine)
  File "/usr/local/lib/python2.7/dist-packages/pandas/io/parsers.py", line 799, in _make_engine
    self._engine = CParserWrapper(self.f, **self.options)
  File "/usr/local/lib/python2.7/dist-packages/pandas/io/parsers.py", line 1213, in __init__
    self._reader = _parser.TextReader(src, **kwds)
  File "pandas/parser.pyx", line 358, in pandas.parser.TextReader.__cinit__ (pandas/parser.c:3427)
  File "pandas/parser.pyx", line 628, in pandas.parser.TextReader._setup_parser_source (pandas/parser.c:6861)
IOError: File ./datasets/Oanda/Fx/Featured/Oanda_USD_JPY_D.csv does not exist
